Build started 25/02/2015 21:50:01.
     1>Project "D:\GitHub\RayTracer\MiniTrace Source\MiniTraceOGLWin\MiniTraceOGLWin.vcxproj" on node 2 (Rebuild target(s)).
     1>ClCompile:
         C:\Program Files (x86)\Microsoft Visual Studio 12.0\VC\bin\CL.exe /c /Zi /nologo /W3 /WX- /sdl /O2 /Oi /Oy- /GL /D WIN32 /D NDEBUG /D _WINDOWS /D _UNICODE /D UNICODE /Gm- /EHsc /MD /GS /Gy /fp:precise /Zc:wchar_t /Zc:forScope /Fo"Release\\" /Fd"Release\vc120.pdb" /Gd /TP /analyze- /errorReport:prompt Box.cpp Camera.cpp Light.cpp Material.cpp Mesh.cpp MiniTraceOGLWinMain.cpp OBJFileReader.cpp OGLApplication.cpp OGLWindow.cpp Plane.cpp Ray.cpp RayTracer.cpp Scene.cpp Sphere.cpp Triangle.cpp Vector3.cpp
         Box.cpp
         Camera.cpp
         Light.cpp
     1>Light.cpp(32): warning C4244: '=' : conversion from 'double' to 'float', possible loss of data
     1>Light.cpp(33): warning C4244: '=' : conversion from 'double' to 'float', possible loss of data
     1>Light.cpp(34): warning C4244: '=' : conversion from 'double' to 'float', possible loss of data
         Material.cpp
         Mesh.cpp
     1>Mesh.cpp(24): warning C4018: '<' : signed/unsigned mismatch
     1>Mesh.cpp(34): warning C4018: '<' : signed/unsigned mismatch
         MiniTraceOGLWinMain.cpp
         OBJFileReader.cpp
     1>OBJFileReader.cpp(115): warning C4101: 'index4' : unreferenced local variable
         OGLApplication.cpp
     1>OGLApplication.cpp(125): warning C4101: 'wmId' : unreferenced local variable
     1>OGLApplication.cpp(125): warning C4101: 'wmEvent' : unreferenced local variable
         OGLWindow.cpp
         Plane.cpp
         Ray.cpp
         RayTracer.cpp
     1>RayTracer.cpp(30): warning C4244: '=' : conversion from 'double' to 'int', possible loss of data
     1>RayTracer.cpp(218): warning C4244: 'argument' : conversion from 'double' to 'const float', possible loss of data
     1>RayTracer.cpp(262): warning C4244: 'initializing' : conversion from 'double' to 'int', possible loss of data
     1>RayTracer.cpp(263): warning C4244: 'initializing' : conversion from 'double' to 'int', possible loss of data
     1>RayTracer.cpp(264): warning C4244: 'initializing' : conversion from 'double' to 'int', possible loss of data
     1>RayTracer.cpp(304): warning C4244: 'argument' : conversion from 'double' to 'const float', possible loss of data
     1>RayTracer.cpp(323): warning C4244: '=' : conversion from 'double' to 'float', possible loss of data
     1>RayTracer.cpp(324): warning C4244: '=' : conversion from 'double' to 'float', possible loss of data
     1>RayTracer.cpp(325): warning C4244: '=' : conversion from 'double' to 'float', possible loss of data
     1>RayTracer.cpp(337): warning C4244: 'argument' : conversion from 'double' to 'float', possible loss of data
     1>RayTracer.cpp(339): warning C4244: '=' : conversion from 'double' to 'float', possible loss of data
     1>RayTracer.cpp(340): warning C4244: '=' : conversion from 'double' to 'float', possible loss of data
     1>RayTracer.cpp(341): warning C4244: '=' : conversion from 'double' to 'float', possible loss of data
         Scene.cpp
     1>Scene.cpp(49): warning C4305: 'argument' : truncation from 'double' to 'float'
     1>Scene.cpp(62): warning C4305: 'argument' : truncation from 'double' to 'float'
     1>Scene.cpp(76): warning C4305: 'argument' : truncation from 'double' to 'float'
     1>Scene.cpp(146): warning C4305: '=' : truncation from 'double' to 'float'
         Sphere.cpp
         Triangle.cpp
     1>Triangle.cpp(86): warning C4244: 'initializing' : conversion from 'double' to 'float', possible loss of data
     1>Triangle.cpp(87): warning C4244: 'initializing' : conversion from 'double' to 'float', possible loss of data
         Vector3.cpp
     1>Vector3.cpp(66): warning C4244: 'argument' : conversion from 'const double' to 'float', possible loss of data
       ResourceCompile:
         C:\Program Files (x86)\Windows Kits\8.1\bin\x86\rc.exe /D _UNICODE /D UNICODE /l"0x0409" /nologo /fo"Release\OGLWin32.res" OGLWin32.rc 
       Link:
         C:\Program Files (x86)\Microsoft Visual Studio 12.0\VC\bin\link.exe /ERRORREPORT:PROMPT /OUT:"D:\GitHub\RayTracer\MiniTrace Source\Release\MiniTraceOGLWin.exe" /INCREMENTAL:NO /NOLOGO kernel32.lib user32.lib gdi32.lib winspool.lib comdlg32.lib advapi32.lib shell32.lib ole32.lib oleaut32.lib uuid.lib odbc32.lib odbccp32.lib /MANIFEST /MANIFESTUAC:"level='asInvoker' uiAccess='false'" /manifest:embed /DEBUG /PDB:"D:\GitHub\RayTracer\MiniTrace Source\Release\MiniTraceOGLWin.pdb" /SUBSYSTEM:WINDOWS /OPT:REF /OPT:ICF /LTCG /TLBID:1 /DYNAMICBASE /NXCOMPAT /IMPLIB:"D:\GitHub\RayTracer\MiniTrace Source\Release\MiniTraceOGLWin.lib" /MACHINE:X86 /SAFESEH Release\OGLWin32.res
         Release\Box.obj
         Release\Camera.obj
         Release\Light.obj
         Release\Material.obj
         Release\Mesh.obj
         Release\MiniTraceOGLWinMain.obj
         Release\OBJFileReader.obj
         Release\OGLApplication.obj
         Release\OGLWindow.obj
         Release\Plane.obj
         Release\Ray.obj
         Release\RayTracer.obj
         Release\Scene.obj
         Release\Sphere.obj
         Release\Triangle.obj
         Release\Vector3.obj
         Generating code
         Finished generating code
         MiniTraceOGLWin.vcxproj -> D:\GitHub\RayTracer\MiniTrace Source\Release\MiniTraceOGLWin.exe
     1>Done Building Project "D:\GitHub\RayTracer\MiniTrace Source\MiniTraceOGLWin\MiniTraceOGLWin.vcxproj" (Rebuild target(s)).

Build succeeded.

Time Elapsed 00:00:07.05
