\\ctstudent2\studentusers\100271404\documents\github\raytracer\minitrace source\minitraceoglwin\release\vc120.pdb
\\ctstudent2\studentusers\100271404\documents\github\raytracer\minitrace source\minitraceoglwin\release\vector3.obj
\\ctstudent2\studentusers\100271404\documents\github\raytracer\minitrace source\minitraceoglwin\release\triangle.obj
\\ctstudent2\studentusers\100271404\documents\github\raytracer\minitrace source\minitraceoglwin\release\sphere.obj
\\ctstudent2\studentusers\100271404\documents\github\raytracer\minitrace source\minitraceoglwin\release\scene.obj
\\ctstudent2\studentusers\100271404\documents\github\raytracer\minitrace source\minitraceoglwin\release\raytracer.obj
\\ctstudent2\studentusers\100271404\documents\github\raytracer\minitrace source\minitraceoglwin\release\ray.obj
\\ctstudent2\studentusers\100271404\documents\github\raytracer\minitrace source\minitraceoglwin\release\plane.obj
\\ctstudent2\studentusers\100271404\documents\github\raytracer\minitrace source\minitraceoglwin\release\oglwindow.obj
\\ctstudent2\studentusers\100271404\documents\github\raytracer\minitrace source\minitraceoglwin\release\oglapplication.obj
\\ctstudent2\studentusers\100271404\documents\github\raytracer\minitrace source\minitraceoglwin\release\minitraceoglwinmain.obj
\\ctstudent2\studentusers\100271404\documents\github\raytracer\minitrace source\minitraceoglwin\release\material.obj
\\ctstudent2\studentusers\100271404\documents\github\raytracer\minitrace source\minitraceoglwin\release\light.obj
\\ctstudent2\studentusers\100271404\documents\github\raytracer\minitrace source\minitraceoglwin\release\camera.obj
\\ctstudent2\studentusers\100271404\documents\github\raytracer\minitrace source\minitraceoglwin\release\box.obj
\\ctstudent2\studentusers\100271404\documents\github\raytracer\minitrace source\release\minitraceoglwin.exe
\\ctstudent2\studentusers\100271404\documents\github\raytracer\minitrace source\release\minitraceoglwin.pdb
\\ctstudent2\studentusers\100271404\documents\github\raytracer\minitrace source\minitraceoglwin\release\oglwin32.res
\\ctstudent2\studentusers\100271404\documents\github\raytracer\minitrace source\minitraceoglwin\release\minitraceoglwin.tlog\cl.command.1.tlog
\\ctstudent2\studentusers\100271404\documents\github\raytracer\minitrace source\minitraceoglwin\release\minitraceoglwin.tlog\cl.read.1.tlog
\\ctstudent2\studentusers\100271404\documents\github\raytracer\minitrace source\minitraceoglwin\release\minitraceoglwin.tlog\cl.write.1.tlog
\\ctstudent2\studentusers\100271404\documents\github\raytracer\minitrace source\minitraceoglwin\release\minitraceoglwin.tlog\link.command.1.tlog
\\ctstudent2\studentusers\100271404\documents\github\raytracer\minitrace source\minitraceoglwin\release\minitraceoglwin.tlog\link.read.1.tlog
\\ctstudent2\studentusers\100271404\documents\github\raytracer\minitrace source\minitraceoglwin\release\minitraceoglwin.tlog\link.write.1.tlog
\\ctstudent2\studentusers\100271404\documents\github\raytracer\minitrace source\minitraceoglwin\release\minitraceoglwin.tlog\rc.command.1.tlog
\\ctstudent2\studentusers\100271404\documents\github\raytracer\minitrace source\minitraceoglwin\release\minitraceoglwin.tlog\rc.read.1.tlog
\\ctstudent2\studentusers\100271404\documents\github\raytracer\minitrace source\minitraceoglwin\release\minitraceoglwin.tlog\rc.write.1.tlog
